mode: atomic
github.com/elangreza14/gathering/internal/service/gathering.go:31.64,35.2 1 1
github.com/elangreza14/gathering/internal/service/gathering.go:38.127,39.74 1 5
github.com/elangreza14/gathering/internal/service/gathering.go:39.74,41.3 1 1
github.com/elangreza14/gathering/internal/service/gathering.go:43.2,50.16 2 4
github.com/elangreza14/gathering/internal/service/gathering.go:50.16,52.3 1 1
github.com/elangreza14/gathering/internal/service/gathering.go:54.2,54.48 1 3
github.com/elangreza14/gathering/internal/service/gathering.go:54.48,55.123 1 2
github.com/elangreza14/gathering/internal/service/gathering.go:55.123,57.4 1 1
github.com/elangreza14/gathering/internal/service/gathering.go:60.2,62.8 1 2
github.com/elangreza14/gathering/internal/service/gathering.go:66.148,68.16 2 8
github.com/elangreza14/gathering/internal/service/gathering.go:68.16,70.3 1 1
github.com/elangreza14/gathering/internal/service/gathering.go:72.2,73.16 2 7
github.com/elangreza14/gathering/internal/service/gathering.go:73.16,75.3 1 1
github.com/elangreza14/gathering/internal/service/gathering.go:77.2,77.45 1 6
github.com/elangreza14/gathering/internal/service/gathering.go:77.45,79.3 1 1
github.com/elangreza14/gathering/internal/service/gathering.go:81.2,81.54 1 5
github.com/elangreza14/gathering/internal/service/gathering.go:81.54,83.17 2 4
github.com/elangreza14/gathering/internal/service/gathering.go:83.17,85.4 1 1
github.com/elangreza14/gathering/internal/service/gathering.go:87.3,87.33 1 3
github.com/elangreza14/gathering/internal/service/gathering.go:87.33,89.4 1 1
github.com/elangreza14/gathering/internal/service/gathering.go:92.2,96.16 2 3
github.com/elangreza14/gathering/internal/service/gathering.go:96.16,98.3 1 1
github.com/elangreza14/gathering/internal/service/gathering.go:100.2,102.8 1 2
github.com/elangreza14/gathering/internal/service/member.go:28.55,32.2 1 1
github.com/elangreza14/gathering/internal/service/member.go:35.115,41.16 2 2
github.com/elangreza14/gathering/internal/service/member.go:41.16,43.3 1 1
github.com/elangreza14/gathering/internal/service/member.go:45.2,47.8 1 1
github.com/elangreza14/gathering/internal/service/member.go:51.101,53.16 2 5
github.com/elangreza14/gathering/internal/service/member.go:53.16,55.3 1 1
github.com/elangreza14/gathering/internal/service/member.go:57.2,58.16 2 4
github.com/elangreza14/gathering/internal/service/member.go:58.16,60.3 1 1
github.com/elangreza14/gathering/internal/service/member.go:62.2,62.38 1 3
github.com/elangreza14/gathering/internal/service/member.go:62.38,64.3 1 1
github.com/elangreza14/gathering/internal/service/member.go:66.2,68.57 2 2
github.com/elangreza14/gathering/mock/service/mock_gathering.go:31.71,35.2 3 1
github.com/elangreza14/gathering/mock/service/mock_gathering.go:38.69,40.2 1 28
github.com/elangreza14/gathering/mock/service/mock_gathering.go:43.112,49.2 5 3
github.com/elangreza14/gathering/mock/service/mock_gathering.go:52.84,55.2 2 3
github.com/elangreza14/gathering/mock/service/mock_gathering.go:58.115,64.2 5 4
github.com/elangreza14/gathering/mock/service/mock_gathering.go:67.85,70.2 2 4
github.com/elangreza14/gathering/mock/service/mock_gathering.go:73.144,76.29 3 2
github.com/elangreza14/gathering/mock/service/mock_gathering.go:76.29,78.3 1 2
github.com/elangreza14/gathering/mock/service/mock_gathering.go:79.2,81.13 3 2
github.com/elangreza14/gathering/mock/service/mock_gathering.go:85.120,89.2 3 2
github.com/elangreza14/gathering/mock/service/mock_gathering.go:92.105,98.2 5 7
github.com/elangreza14/gathering/mock/service/mock_gathering.go:101.86,104.2 2 7
github.com/elangreza14/gathering/mock/service/mock_gathering.go:107.146,113.2 5 4
github.com/elangreza14/gathering/mock/service/mock_gathering.go:116.126,119.2 2 4
github.com/elangreza14/gathering/mock/service/mock_gathering.go:122.99,128.2 5 8
github.com/elangreza14/gathering/mock/service/mock_gathering.go:131.83,134.2 2 8
github.com/elangreza14/gathering/mock/service/mock_member.go:31.65,35.2 3 1
github.com/elangreza14/gathering/mock/service/mock_member.go:38.63,40.2 1 13
github.com/elangreza14/gathering/mock/service/mock_member.go:43.103,49.2 5 2
github.com/elangreza14/gathering/mock/service/mock_member.go:52.79,55.2 2 2
github.com/elangreza14/gathering/mock/service/mock_member.go:58.104,64.2 5 4
github.com/elangreza14/gathering/mock/service/mock_member.go:67.84,70.2 2 4
github.com/elangreza14/gathering/mock/service/mock_member.go:73.96,79.2 5 5
github.com/elangreza14/gathering/mock/service/mock_member.go:82.80,85.2 2 5
github.com/elangreza14/gathering/mock/service/mock_member.go:88.93,93.2 4 2
github.com/elangreza14/gathering/mock/service/mock_member.go:96.83,99.2 2 2
github.com/elangreza14/gathering/internal/controller/gathering.go:28.76,32.2 1 2
github.com/elangreza14/gathering/internal/controller/gathering.go:35.66,36.30 1 1
github.com/elangreza14/gathering/internal/controller/gathering.go:36.30,38.49 2 3
github.com/elangreza14/gathering/internal/controller/gathering.go:38.49,41.4 2 1
github.com/elangreza14/gathering/internal/controller/gathering.go:43.3,44.17 2 2
github.com/elangreza14/gathering/internal/controller/gathering.go:44.17,47.4 2 1
github.com/elangreza14/gathering/internal/controller/gathering.go:49.3,49.65 1 1
github.com/elangreza14/gathering/internal/controller/gathering.go:54.66,55.30 1 1
github.com/elangreza14/gathering/internal/controller/gathering.go:55.30,57.49 2 3
github.com/elangreza14/gathering/internal/controller/gathering.go:57.49,59.27 2 1
github.com/elangreza14/gathering/internal/controller/gathering.go:59.27,61.27 2 1
github.com/elangreza14/gathering/internal/controller/gathering.go:61.27,63.6 1 1
github.com/elangreza14/gathering/internal/controller/gathering.go:64.5,64.89 1 1
github.com/elangreza14/gathering/internal/controller/gathering.go:66.4,66.10 1 1
github.com/elangreza14/gathering/internal/controller/gathering.go:69.3,70.17 2 2
github.com/elangreza14/gathering/internal/controller/gathering.go:70.17,73.4 2 1
github.com/elangreza14/gathering/internal/controller/gathering.go:75.3,75.65 1 1
github.com/elangreza14/gathering/internal/controller/gathering.go:84.50,85.18 1 1
github.com/elangreza14/gathering/internal/controller/gathering.go:86.18,87.34 1 1
github.com/elangreza14/gathering/internal/controller/gathering.go:88.13,89.45 1 0
github.com/elangreza14/gathering/internal/controller/gathering.go:90.13,91.48 1 0
github.com/elangreza14/gathering/internal/controller/gathering.go:93.2,93.24 1 0
github.com/elangreza14/gathering/internal/controller/member.go:25.67,29.2 1 2
github.com/elangreza14/gathering/internal/controller/member.go:32.60,33.30 1 1
github.com/elangreza14/gathering/internal/controller/member.go:33.30,35.49 2 3
github.com/elangreza14/gathering/internal/controller/member.go:35.49,38.4 2 1
github.com/elangreza14/gathering/internal/controller/member.go:40.3,41.17 2 2
github.com/elangreza14/gathering/internal/controller/member.go:41.17,44.4 2 1
github.com/elangreza14/gathering/internal/controller/member.go:46.3,46.65 1 1
github.com/elangreza14/gathering/internal/controller/member.go:51.65,52.30 1 1
github.com/elangreza14/gathering/internal/controller/member.go:52.30,54.49 2 3
github.com/elangreza14/gathering/internal/controller/member.go:54.49,57.4 2 1
github.com/elangreza14/gathering/internal/controller/member.go:59.3,60.17 2 2
github.com/elangreza14/gathering/internal/controller/member.go:60.17,63.4 2 1
github.com/elangreza14/gathering/internal/controller/member.go:65.3,65.52 1 1
github.com/elangreza14/gathering/mock/controller/mock_gathering.go:32.77,36.2 3 1
github.com/elangreza14/gathering/mock/controller/mock_gathering.go:39.75,41.2 1 4
github.com/elangreza14/gathering/mock/controller/mock_gathering.go:44.146,50.2 5 2
github.com/elangreza14/gathering/mock/controller/mock_gathering.go:53.96,56.2 2 2
github.com/elangreza14/gathering/mock/controller/mock_gathering.go:59.132,65.2 5 2
github.com/elangreza14/gathering/mock/controller/mock_gathering.go:68.90,71.2 2 2
github.com/elangreza14/gathering/mock/controller/mock_member.go:31.71,35.2 3 1
github.com/elangreza14/gathering/mock/controller/mock_member.go:38.69,40.2 1 4
github.com/elangreza14/gathering/mock/controller/mock_member.go:43.118,49.2 5 2
github.com/elangreza14/gathering/mock/controller/mock_member.go:52.82,55.2 2 2
github.com/elangreza14/gathering/mock/controller/mock_member.go:58.104,63.2 4 2
github.com/elangreza14/gathering/mock/controller/mock_member.go:66.87,69.2 2 2
