mode: set
github.com/elangreza14/gathering/internal/controller/gathering.go:23.76,27.2 1 1
github.com/elangreza14/gathering/internal/controller/gathering.go:29.66,30.30 1 1
github.com/elangreza14/gathering/internal/controller/gathering.go:30.30,32.49 2 1
github.com/elangreza14/gathering/internal/controller/gathering.go:32.49,35.4 2 1
github.com/elangreza14/gathering/internal/controller/gathering.go:37.3,38.17 2 1
github.com/elangreza14/gathering/internal/controller/gathering.go:38.17,41.4 2 1
github.com/elangreza14/gathering/internal/controller/gathering.go:43.3,43.65 1 1
github.com/elangreza14/gathering/internal/controller/gathering.go:47.66,48.30 1 1
github.com/elangreza14/gathering/internal/controller/gathering.go:48.30,50.49 2 1
github.com/elangreza14/gathering/internal/controller/gathering.go:50.49,53.4 2 1
github.com/elangreza14/gathering/internal/controller/gathering.go:55.3,56.17 2 1
github.com/elangreza14/gathering/internal/controller/gathering.go:56.17,59.4 2 1
github.com/elangreza14/gathering/internal/controller/gathering.go:61.3,61.65 1 1
github.com/elangreza14/gathering/internal/controller/member.go:22.67,26.2 1 1
github.com/elangreza14/gathering/internal/controller/member.go:28.60,29.30 1 1
github.com/elangreza14/gathering/internal/controller/member.go:29.30,31.49 2 1
github.com/elangreza14/gathering/internal/controller/member.go:31.49,34.4 2 1
github.com/elangreza14/gathering/internal/controller/member.go:36.3,37.17 2 1
github.com/elangreza14/gathering/internal/controller/member.go:37.17,40.4 2 1
github.com/elangreza14/gathering/internal/controller/member.go:42.3,42.65 1 1
github.com/elangreza14/gathering/internal/controller/member.go:46.65,47.30 1 1
github.com/elangreza14/gathering/internal/controller/member.go:47.30,49.49 2 1
github.com/elangreza14/gathering/internal/controller/member.go:49.49,52.4 2 1
github.com/elangreza14/gathering/internal/controller/member.go:54.3,55.17 2 1
github.com/elangreza14/gathering/internal/controller/member.go:55.17,58.4 2 1
github.com/elangreza14/gathering/internal/controller/member.go:60.3,60.52 1 1
github.com/elangreza14/gathering/internal/service/gathering.go:28.64,32.2 1 1
github.com/elangreza14/gathering/internal/service/gathering.go:34.127,35.74 1 1
github.com/elangreza14/gathering/internal/service/gathering.go:35.74,37.3 1 1
github.com/elangreza14/gathering/internal/service/gathering.go:39.2,46.16 2 1
github.com/elangreza14/gathering/internal/service/gathering.go:46.16,48.3 1 1
github.com/elangreza14/gathering/internal/service/gathering.go:50.2,50.48 1 1
github.com/elangreza14/gathering/internal/service/gathering.go:50.48,51.123 1 1
github.com/elangreza14/gathering/internal/service/gathering.go:51.123,53.4 1 1
github.com/elangreza14/gathering/internal/service/gathering.go:56.2,58.8 1 1
github.com/elangreza14/gathering/internal/service/gathering.go:61.148,63.16 2 1
github.com/elangreza14/gathering/internal/service/gathering.go:63.16,65.3 1 1
github.com/elangreza14/gathering/internal/service/gathering.go:67.2,68.16 2 1
github.com/elangreza14/gathering/internal/service/gathering.go:68.16,70.3 1 1
github.com/elangreza14/gathering/internal/service/gathering.go:72.2,72.45 1 1
github.com/elangreza14/gathering/internal/service/gathering.go:72.45,74.3 1 1
github.com/elangreza14/gathering/internal/service/gathering.go:76.2,76.54 1 1
github.com/elangreza14/gathering/internal/service/gathering.go:76.54,78.17 2 1
github.com/elangreza14/gathering/internal/service/gathering.go:78.17,80.4 1 1
github.com/elangreza14/gathering/internal/service/gathering.go:82.3,82.33 1 1
github.com/elangreza14/gathering/internal/service/gathering.go:82.33,84.4 1 1
github.com/elangreza14/gathering/internal/service/gathering.go:87.2,91.16 2 1
github.com/elangreza14/gathering/internal/service/gathering.go:91.16,93.3 1 1
github.com/elangreza14/gathering/internal/service/gathering.go:95.2,97.8 1 1
github.com/elangreza14/gathering/internal/service/member.go:26.55,30.2 1 1
github.com/elangreza14/gathering/internal/service/member.go:32.115,38.16 2 1
github.com/elangreza14/gathering/internal/service/member.go:38.16,40.3 1 1
github.com/elangreza14/gathering/internal/service/member.go:42.2,44.8 1 1
github.com/elangreza14/gathering/internal/service/member.go:47.101,49.16 2 1
github.com/elangreza14/gathering/internal/service/member.go:49.16,51.3 1 1
github.com/elangreza14/gathering/internal/service/member.go:53.2,54.16 2 1
github.com/elangreza14/gathering/internal/service/member.go:54.16,56.3 1 1
github.com/elangreza14/gathering/internal/service/member.go:58.2,58.38 1 1
github.com/elangreza14/gathering/internal/service/member.go:58.38,60.3 1 1
github.com/elangreza14/gathering/internal/service/member.go:62.2,64.57 2 1
